  SudokuSolver.cpp
C:\Program Files\Microsoft Visual Studio\2022\Community\VC\Tools\MSVC\14.34.31933\include\xmemory(680,47): error C2665: 'std::pair<const int,int>::pair': no overloaded function could convert all the argument types
C:\Program Files\Microsoft Visual Studio\2022\Community\VC\Tools\MSVC\14.34.31933\include\utility(176,5): message : could be 'std::pair<const int,int>::pair(std::pair<const int,int> &&)'
C:\Program Files\Microsoft Visual Studio\2022\Community\VC\Tools\MSVC\14.34.31933\include\xmemory(680,47): message : 'std::pair<const int,int>::pair(std::pair<const int,int> &&)': cannot convert argument 1 from '_Ty' to 'std::pair<const int,int> &&'
          with
          [
              _Ty=int
          ]
C:\Program Files\Microsoft Visual Studio\2022\Community\VC\Tools\MSVC\14.34.31933\include\xmemory(680,68): message : Reason: cannot convert from '_Ty' to 'std::pair<const int,int>'
          with
          [
              _Ty=int
          ]
C:\Program Files\Microsoft Visual Studio\2022\Community\VC\Tools\MSVC\14.34.31933\include\xmemory(680,68): message : No constructor could take the source type, or constructor overload resolution was ambiguous
C:\Program Files\Microsoft Visual Studio\2022\Community\VC\Tools\MSVC\14.34.31933\include\utility(175,5): message : or       'std::pair<const int,int>::pair(const std::pair<const int,int> &)'
C:\Program Files\Microsoft Visual Studio\2022\Community\VC\Tools\MSVC\14.34.31933\include\xmemory(680,47): message : 'std::pair<const int,int>::pair(const std::pair<const int,int> &)': cannot convert argument 1 from '_Ty' to 'const std::pair<const int,int> &'
          with
          [
              _Ty=int
          ]
C:\Program Files\Microsoft Visual Studio\2022\Community\VC\Tools\MSVC\14.34.31933\include\xmemory(680,68): message : Reason: cannot convert from '_Ty' to 'const std::pair<const int,int>'
          with
          [
              _Ty=int
          ]
C:\Program Files\Microsoft Visual Studio\2022\Community\VC\Tools\MSVC\14.34.31933\include\xmemory(680,68): message : No constructor could take the source type, or constructor overload resolution was ambiguous
C:\Program Files\Microsoft Visual Studio\2022\Community\VC\Tools\MSVC\14.34.31933\include\utility(217,5): message : or       'std::pair<const int,int>::pair(std::piecewise_construct_t,std::tuple<_Types1...>,std::tuple<_Types2...>)'
C:\Program Files\Microsoft Visual Studio\2022\Community\VC\Tools\MSVC\14.34.31933\include\xmemory(680,47): message : 'std::pair<const int,int>::pair(std::piecewise_construct_t,std::tuple<_Types1...>,std::tuple<_Types2...>)': expects 3 arguments - 1 provided
C:\Program Files\Microsoft Visual Studio\2022\Community\VC\Tools\MSVC\14.34.31933\include\utility(213,5): message : or       'std::pair<const int,int>::pair(_Tuple1 &,_Tuple2 &,std::integer_sequence<size_t,_Indexes1...>,std::integer_sequence<size_t,_Indexes2...>)'
C:\Program Files\Microsoft Visual Studio\2022\Community\VC\Tools\MSVC\14.34.31933\include\xmemory(680,47): message : 'std::pair<const int,int>::pair(_Tuple1 &,_Tuple2 &,std::integer_sequence<size_t,_Indexes1...>,std::integer_sequence<size_t,_Indexes2...>)': expects 4 arguments - 1 provided
C:\Program Files\Microsoft Visual Studio\2022\Community\VC\Tools\MSVC\14.34.31933\include\utility(197,5): message : or       'std::pair<const int,int>::pair(std::pair<_Other1,_Other2> &&) noexcept(<expr>)'
C:\Program Files\Microsoft Visual Studio\2022\Community\VC\Tools\MSVC\14.34.31933\include\xmemory(680,47): message : 'std::pair<const int,int>::pair(std::pair<_Other1,_Other2> &&) noexcept(<expr>)': could not deduce template argument for 'std::pair<_Other1,_Other2> &&' from '_Ty'
          with
          [
              _Ty=int
          ]
C:\Program Files\Microsoft Visual Studio\2022\Community\VC\Tools\MSVC\14.34.31933\include\utility(190,5): message : or       'std::pair<const int,int>::pair(const std::pair<_Other1,_Other2> &) noexcept(<expr>)'
C:\Program Files\Microsoft Visual Studio\2022\Community\VC\Tools\MSVC\14.34.31933\include\xmemory(680,47): message : 'std::pair<const int,int>::pair(const std::pair<_Other1,_Other2> &) noexcept(<expr>)': could not deduce template argument for 'const std::pair<_Other1,_Other2> &' from '_Ty'
          with
          [
              _Ty=int
          ]
C:\Program Files\Microsoft Visual Studio\2022\Community\VC\Tools\MSVC\14.34.31933\include\utility(169,5): message : or       'std::pair<const int,int>::pair(_Other1 &&,_Other2 &&) noexcept(<expr>)'
C:\Program Files\Microsoft Visual Studio\2022\Community\VC\Tools\MSVC\14.34.31933\include\xmemory(680,47): message : 'std::pair<const int,int>::pair(_Other1 &&,_Other2 &&) noexcept(<expr>)': expects 2 arguments - 1 provided
C:\Program Files\Microsoft Visual Studio\2022\Community\VC\Tools\MSVC\14.34.31933\include\utility(158,5): message : or       'std::pair<const int,int>::pair(_Ty1 &,const _Ty2 &) noexcept(<expr>)'
          with
          [
              _Ty1=const int,
              _Ty2=int
          ]
C:\Program Files\Microsoft Visual Studio\2022\Community\VC\Tools\MSVC\14.34.31933\include\xmemory(680,47): message : 'std::pair<const int,int>::pair(_Ty1 &,const _Ty2 &) noexcept(<expr>)': expects 2 arguments - 1 provided
          with
          [
              _Ty1=const int,
              _Ty2=int
          ]
C:\Program Files\Microsoft Visual Studio\2022\Community\VC\Tools\MSVC\14.34.31933\include\utility(150,5): message : or       'std::pair<const int,int>::pair(void) noexcept(<expr>)'
C:\Program Files\Microsoft Visual Studio\2022\Community\VC\Tools\MSVC\14.34.31933\include\xmemory(680,47): message : 'std::pair<const int,int>::pair(void) noexcept(<expr>)': expects 0 arguments - 1 provided
C:\Program Files\Microsoft Visual Studio\2022\Community\VC\Tools\MSVC\14.34.31933\include\xmemory(680,47): message : while trying to match the argument list '(_Ty)'
          with
          [
              _Ty=int
          ]
C:\Program Files\Microsoft Visual Studio\2022\Community\VC\Tools\MSVC\14.34.31933\include\xtree(806,1): message : see reference to function template instantiation 'void std::_Default_allocator_traits<_Alloc>::construct<_Ty,int>(_Alloc &,_Objty *const ,int &&)' being compiled
          with
          [
              _Alloc=std::allocator<std::_Tree_node<std::pair<const int,int>,std::_Default_allocator_traits<std::allocator<std::pair<const int,int>>>::void_pointer>>,
              _Ty=std::pair<const int,int>,
              _Objty=std::pair<const int,int>
          ]
C:\Program Files\Microsoft Visual Studio\2022\Community\VC\Tools\MSVC\14.34.31933\include\xtree(807,34): message : see reference to function template instantiation 'void std::_Default_allocator_traits<_Alloc>::construct<_Ty,int>(_Alloc &,_Objty *const ,int &&)' being compiled
          with
          [
              _Alloc=std::allocator<std::_Tree_node<std::pair<const int,int>,std::_Default_allocator_traits<std::allocator<std::pair<const int,int>>>::void_pointer>>,
              _Ty=std::pair<const int,int>,
              _Objty=std::pair<const int,int>
          ]
C:\Program Files\Microsoft Visual Studio\2022\Community\VC\Tools\MSVC\14.34.31933\include\xtree(994,20): message : see reference to function template instantiation 'std::_Tree_temp_node<std::allocator<std::_Tree_node<std::pair<const int,int>,std::_Default_allocator_traits<_Alloc>::void_pointer>>>::_Tree_temp_node<_Ty>(_Alnode &,std::_Tree_node<std::pair<const int,int>,std::_Default_allocator_traits<_Alloc>::void_pointer> *,_Ty &&)' being compiled
          with
          [
              _Alloc=std::allocator<std::pair<const int,int>>,
              _Ty=int,
              _Alnode=std::allocator<std::_Tree_node<std::pair<const int,int>,std::_Default_allocator_traits<std::allocator<std::pair<const int,int>>>::void_pointer>>
          ]
C:\Program Files\Microsoft Visual Studio\2022\Community\VC\Tools\MSVC\14.34.31933\include\xtree(1010,46): message : see reference to function template instantiation 'std::_Tree_temp_node<std::allocator<std::_Tree_node<std::pair<const int,int>,std::_Default_allocator_traits<_Alloc>::void_pointer>>>::_Tree_temp_node<_Ty>(_Alnode &,std::_Tree_node<std::pair<const int,int>,std::_Default_allocator_traits<_Alloc>::void_pointer> *,_Ty &&)' being compiled
          with
          [
              _Alloc=std::allocator<std::pair<const int,int>>,
              _Ty=int,
              _Alnode=std::allocator<std::_Tree_node<std::pair<const int,int>,std::_Default_allocator_traits<std::allocator<std::pair<const int,int>>>::void_pointer>>
          ]
C:\Program Files\Microsoft Visual Studio\2022\Community\VC\Tools\MSVC\14.34.31933\include\xtree(1031,20): message : see reference to function template instantiation 'std::pair<std::_Tree_node<std::pair<const int,int>,std::_Default_allocator_traits<_Alloc>::void_pointer> *,bool> std::_Tree<std::_Tmap_traits<_Kty,_Ty,_Pr,_Alloc,false>>::_Emplace<_Ty>(_Ty &&)' being compiled
          with
          [
              _Alloc=std::allocator<std::pair<const int,int>>,
              _Kty=int,
              _Ty=int,
              _Pr=std::less<int>
          ]
C:\Program Files\Microsoft Visual Studio\2022\Community\VC\Tools\MSVC\14.34.31933\include\xtree(1032,30): message : see reference to function template instantiation 'std::pair<std::_Tree_node<std::pair<const int,int>,std::_Default_allocator_traits<_Alloc>::void_pointer> *,bool> std::_Tree<std::_Tmap_traits<_Kty,_Ty,_Pr,_Alloc,false>>::_Emplace<_Ty>(_Ty &&)' being compiled
          with
          [
              _Alloc=std::allocator<std::pair<const int,int>>,
              _Kty=int,
              _Ty=int,
              _Pr=std::less<int>
          ]
C:\Users\u208682\OneDrive - L3Harris Technologies Inc\Desktop\EWeek\Personal Projects\SudokuSolver_console\SudokuSolver\SudokuSolver\Sudoku.h(80,26): message : see reference to function template instantiation 'std::pair<std::_Tree_iterator<std::_Tree_val<std::_Tree_simple_types<std::pair<const int,int>>>>,bool> std::_Tree<std::_Tmap_traits<_Kty,_Ty,_Pr,_Alloc,false>>::emplace<int>(int &&)' being compiled
          with
          [
              _Kty=int,
              _Ty=int,
              _Pr=std::less<int>,
              _Alloc=std::allocator<std::pair<const int,int>>
          ]
C:\Users\u208682\OneDrive - L3Harris Technologies Inc\Desktop\EWeek\Personal Projects\SudokuSolver_console\SudokuSolver\SudokuSolver\Sudoku.h(80,20): message : see reference to function template instantiation 'std::pair<std::_Tree_iterator<std::_Tree_val<std::_Tree_simple_types<std::pair<const int,int>>>>,bool> std::_Tree<std::_Tmap_traits<_Kty,_Ty,_Pr,_Alloc,false>>::emplace<int>(int &&)' being compiled
          with
          [
              _Kty=int,
              _Ty=int,
              _Pr=std::less<int>,
              _Alloc=std::allocator<std::pair<const int,int>>
          ]
